lsposed-helper/app/build/intermediates/manifest_merge_blame_file/debug/processDebugMainManifest/manifest-merger-blame-debug-report.txt
1<?xml version="1.0" encoding="utf-8"?>
2<manifest xmlns:android="http://schemas.android.com/apk/res/android"
3    package="com.sayanthrock.colorosthemes.lsposed.debug"
4    android:versionCode="14"
5    android:versionName="0.8.0-debug" >
6
7    <uses-sdk
8        android:minSdkVersion="26"
9        android:targetSdkVersion="35" />
10
11    <uses-permission android:name="android.permission.SET_WALLPAPER" />
11-->src/main/AndroidManifest.xml:4:5-72
11-->src/main/AndroidManifest.xml:4:22-69
12    <uses-permission android:name="android.permission.POST_NOTIFICATIONS" />
12-->src/main/AndroidManifest.xml:5:5-77
12-->src/main/AndroidManifest.xml:5:22-74
13    <uses-permission android:name="android.permission.READ_MEDIA_IMAGES" />
13-->src/main/AndroidManifest.xml:6:5-76
13-->src/main/AndroidManifest.xml:6:22-73
14    <uses-permission android:name="android.permission.READ_MEDIA_VIDEO" />
14-->src/main/AndroidManifest.xml:7:5-75
14-->src/main/AndroidManifest.xml:7:22-72
15    <uses-permission android:name="android.permission.READ_MEDIA_AUDIO" />
15-->src/main/AndroidManifest.xml:8:5-75
15-->src/main/AndroidManifest.xml:8:22-72
16    <uses-permission android:name="android.permission.READ_MEDIA_VISUAL_USER_SELECTED" />
16-->src/main/AndroidManifest.xml:9:5-90
16-->src/main/AndroidManifest.xml:9:22-87
17    <uses-permission
17-->src/main/AndroidManifest.xml:11:5-13:38
18        android:name="android.permission.READ_EXTERNAL_STORAGE"
18-->src/main/AndroidManifest.xml:12:9-64
19        android:maxSdkVersion="32" />
19-->src/main/AndroidManifest.xml:13:9-35
20    <uses-permission
20-->src/main/AndroidManifest.xml:14:5-16:38
21        android:name="android.permission.WRITE_EXTERNAL_STORAGE"
21-->src/main/AndroidManifest.xml:15:9-65
22        android:maxSdkVersion="28" />
22-->src/main/AndroidManifest.xml:16:9-35
23
24    <queries>
24-->src/main/AndroidManifest.xml:18:5-33:15
25        <package android:name="com.topjohnwu.magisk" />
25-->src/main/AndroidManifest.xml:19:9-56
25-->src/main/AndroidManifest.xml:19:18-53
26        <package android:name="me.weishu.kernelsu" />
26-->src/main/AndroidManifest.xml:20:9-54
26-->src/main/AndroidManifest.xml:20:18-51
27        <package android:name="me.bmax.apatch" />
27-->src/main/AndroidManifest.xml:21:9-50
27-->src/main/AndroidManifest.xml:21:18-47
28        <package android:name="org.lsposed.manager" />
28-->src/main/AndroidManifest.xml:22:9-55
28-->src/main/AndroidManifest.xml:22:18-52
29        <package android:name="org.lsposed.manager.debug" />
29-->src/main/AndroidManifest.xml:23:9-61
29-->src/main/AndroidManifest.xml:23:18-58
30        <package android:name="com.android.systemui" />
30-->src/main/AndroidManifest.xml:24:9-56
30-->src/main/AndroidManifest.xml:24:18-53
31        <package android:name="com.android.settings" />
31-->src/main/AndroidManifest.xml:25:9-56
31-->src/main/AndroidManifest.xml:25:18-53
32        <package android:name="com.android.launcher" />
32-->src/main/AndroidManifest.xml:26:9-56
32-->src/main/AndroidManifest.xml:26:18-53
33        <package android:name="com.oplus.uxdesign" />
33-->src/main/AndroidManifest.xml:27:9-54
33-->src/main/AndroidManifest.xml:27:18-51
34        <package android:name="com.oplus.battery" />
34-->src/main/AndroidManifest.xml:28:9-53
34-->src/main/AndroidManifest.xml:28:18-50
35        <package android:name="com.oplus.eyeprotect" />
35-->src/main/AndroidManifest.xml:29:9-56
35-->src/main/AndroidManifest.xml:29:18-53
36        <package android:name="com.oplus.notificationmanager" />
36-->src/main/AndroidManifest.xml:30:9-65
36-->src/main/AndroidManifest.xml:30:18-62
37        <package android:name="com.oplus.ota" />
37-->src/main/AndroidManifest.xml:31:9-49
37-->src/main/AndroidManifest.xml:31:18-46
38        <package android:name="com.android.wallpaper.livepicker" />
38-->src/main/AndroidManifest.xml:32:9-68
38-->src/main/AndroidManifest.xml:32:18-65
39    </queries>
40
41    <application
41-->src/main/AndroidManifest.xml:35:5-72:19
42        android:allowBackup="false"
42-->src/main/AndroidManifest.xml:36:9-36
43        android:debuggable="true"
44        android:extractNativeLibs="false"
45        android:icon="@mipmap/ic_launcher"
45-->src/main/AndroidManifest.xml:37:9-43
46        android:label="@string/app_name"
46-->src/main/AndroidManifest.xml:38:9-41
47        android:supportsRtl="true"
47-->src/main/AndroidManifest.xml:39:9-35
48        android:theme="@android:style/Theme.Material.NoActionBar" >
48-->src/main/AndroidManifest.xml:40:9-66
49        <meta-data
49-->src/main/AndroidManifest.xml:42:9-44:36
50            android:name="xposedmodule"
50-->src/main/AndroidManifest.xml:43:13-40
51            android:value="true" />
51-->src/main/AndroidManifest.xml:44:13-33
52        <meta-data
52-->src/main/AndroidManifest.xml:45:9-47:148
53            android:name="xposeddescription"
53-->src/main/AndroidManifest.xml:46:13-45
54            android:value="Safe and Unlimited Device Customization. Everything on this device should be editable and everything should be fine." />
54-->src/main/AndroidManifest.xml:47:13-145
55        <meta-data
55-->src/main/AndroidManifest.xml:48:9-50:34
56            android:name="xposedminversion"
56-->src/main/AndroidManifest.xml:49:13-44
57            android:value="82" />
57-->src/main/AndroidManifest.xml:50:13-31
58
59        <activity
59-->src/main/AndroidManifest.xml:52:9-59:20
60            android:name="com.sayanthrock.colorosthemes.lsposed.RootdSystemCustomizerActivity"
60-->src/main/AndroidManifest.xml:53:13-58
61            android:exported="true" >
61-->src/main/AndroidManifest.xml:54:13-36
62            <intent-filter>
62-->src/main/AndroidManifest.xml:55:13-58:29
63                <action android:name="android.intent.action.MAIN" />
63-->src/main/AndroidManifest.xml:56:17-69
63-->src/main/AndroidManifest.xml:56:25-66
64
65                <category android:name="android.intent.category.LAUNCHER" />
65-->src/main/AndroidManifest.xml:57:17-77
65-->src/main/AndroidManifest.xml:57:27-74
66            </intent-filter>
67        </activity>
68        <activity
68-->src/main/AndroidManifest.xml:61:9-63:40
69            android:name="com.sayanthrock.colorosthemes.lsposed.CustomerCustomizationActivity"
69-->src/main/AndroidManifest.xml:62:13-58
70            android:exported="false" />
70-->src/main/AndroidManifest.xml:63:13-37
71        <activity
71-->src/main/AndroidManifest.xml:65:9-67:40
72            android:name="com.sayanthrock.colorosthemes.lsposed.MainActivity"
72-->src/main/AndroidManifest.xml:66:13-41
73            android:exported="false" />
73-->src/main/AndroidManifest.xml:67:13-37
74        <activity
74-->src/main/AndroidManifest.xml:69:9-71:40
75            android:name="com.sayanthrock.colorosthemes.lsposed.PermissionCenterActivity"
75-->src/main/AndroidManifest.xml:70:13-53
76            android:exported="false" />
76-->src/main/AndroidManifest.xml:71:13-37
77    </application>
78
79</manifest>